<?xml version="1.0" encoding="utf-8"?><testsuites><testsuite errors="0" failures="0" hostname="project2" name="pytest" skipped="0" tests="1" time="0.359" timestamp="2021-01-22T16:51:17.222721"><testcase classname="tests.test_unit.TestResponse" name="test_position" time="0.070" /></testsuite></testsuites>